<?xml version="1.0" encoding="UTF-8"?>
<!-- Generated by org.testng.reporters.JUnitReportReporter -->
<testsuite skipped="0" hostname="HariDarshana" name="loginUsingPOI.DataDrivenUsingPOI" tests="5" failures="0" timestamp="2022-12-23T18:24:11 CST" time="74.280" errors="0">
  <testcase name="loginWithCredential" time="13.048" classname="loginUsingPOI.DataDrivenUsingPOI"/>
  <system-out/>
  <testcase name="loginWithCredential" time="19.407" classname="loginUsingPOI.DataDrivenUsingPOI"/>
  <system-out/>
  <testcase name="loginWithCredential" time="13.668" classname="loginUsingPOI.DataDrivenUsingPOI"/>
  <system-out/>
  <testcase name="loginWithCredential" time="8.744" classname="loginUsingPOI.DataDrivenUsingPOI"/>
  <system-out/>
  <testcase name="loginWithCredential" time="19.413" classname="loginUsingPOI.DataDrivenUsingPOI"/>
  <system-out/>
</testsuite> <!-- loginUsingPOI.DataDrivenUsingPOI -->
